<?xml version="1.0" encoding="UTF-8"?>
<!-- Generated by org.testng.reporters.JUnitXMLReporter -->
<testsuite ignored="0" hostname="bdfb9a0de2a05fc" failures="0" tests="5" name="Default test" time="3.699" errors="0" timestamp="2023-08-25T13:14:52 IST">
  <testcase classname="tests.TestExamples" name="login_Failed_InvalidEmail" time="1.963"/>
  <testcase classname="tests.TestExamples" name="login_Failed_NotExistsAccount" time="0.418"/>
  <testcase classname="tests.TestExamples" name="login_Failed_withoutEmail" time="0.424"/>
  <testcase classname="tests.TestExamples" name="login_Failed_withoutPassword" time="0.403"/>
  <testcase classname="tests.TestExamples" name="login_success" time="0.429"/>
</testsuite> <!-- Default test -->
