<?xml version="1.0" encoding="UTF-8"?>
<!-- Generated by org.testng.reporters.JUnitXMLReporter -->
<testsuite ignored="0" hostname="bdfb9a0de2a05fc" failures="0" tests="5" name="Test" time="3.973" errors="0" timestamp="2023-08-25T13:17:25 IST">
  <testcase classname="tests.TestExamples" name="login_Failed_InvalidEmail" time="1.95"/>
  <testcase classname="tests.TestExamples" name="login_Failed_NotExistsAccount" time="0.469"/>
  <testcase classname="tests.TestExamples" name="login_Failed_withoutEmail" time="0.514"/>
  <testcase classname="tests.TestExamples" name="login_Failed_withoutPassword" time="0.5"/>
  <testcase classname="tests.TestExamples" name="login_success" time="0.461"/>
</testsuite> <!-- Test -->
