<?xml version="1.0" encoding="UTF-8"?>
<testng-results ignored="0" total="5" passed="5" failed="0" skipped="0">
  <reporter-output>
  </reporter-output>
  <suite started-at="2023-08-25T13:17:21 IST" name="Suite" finished-at="2023-08-25T13:17:25 IST" duration-ms="3973">
    <groups>
    </groups>
    <test started-at="2023-08-25T13:17:21 IST" name="Test" finished-at="2023-08-25T13:17:25 IST" duration-ms="3973">
      <class name="tests.TestExamples">
        <test-method signature="login_Failed_InvalidEmail()[pri:0, instance:tests.TestExamples@53aac487]" started-at="2023-08-25T13:17:21 IST" name="login_Failed_InvalidEmail" finished-at="2023-08-25T13:17:23 IST" duration-ms="1950" status="PASS">
          <reporter-output>
          </reporter-output>
        </test-method> <!-- login_Failed_InvalidEmail -->
        <test-method signature="login_Failed_NotExistsAccount()[pri:0, instance:tests.TestExamples@53aac487]" started-at="2023-08-25T13:17:23 IST" name="login_Failed_NotExistsAccount" finished-at="2023-08-25T13:17:23 IST" duration-ms="469" status="PASS">
          <reporter-output>
          </reporter-output>
        </test-method> <!-- login_Failed_NotExistsAccount -->
        <test-method signature="login_Failed_withoutEmail()[pri:0, instance:tests.TestExamples@53aac487]" started-at="2023-08-25T13:17:23 IST" name="login_Failed_withoutEmail" finished-at="2023-08-25T13:17:24 IST" duration-ms="514" status="PASS">
          <reporter-output>
          </reporter-output>
        </test-method> <!-- login_Failed_withoutEmail -->
        <test-method signature="login_Failed_withoutPassword()[pri:0, instance:tests.TestExamples@53aac487]" started-at="2023-08-25T13:17:24 IST" name="login_Failed_withoutPassword" finished-at="2023-08-25T13:17:24 IST" duration-ms="500" status="PASS">
          <reporter-output>
          </reporter-output>
        </test-method> <!-- login_Failed_withoutPassword -->
        <test-method signature="login_success()[pri:0, instance:tests.TestExamples@53aac487]" started-at="2023-08-25T13:17:24 IST" name="login_success" finished-at="2023-08-25T13:17:25 IST" duration-ms="461" status="PASS">
          <reporter-output>
          </reporter-output>
        </test-method> <!-- login_success -->
      </class> <!-- tests.TestExamples -->
    </test> <!-- Test -->
  </suite> <!-- Suite -->
</testng-results>
